
   INFO  Server running on [http://127.0.0.1:8000].

  Press Ctrl+C to stop the server

  2026-05-25 10:30:11 ................................................... ~ 1s
  2026-05-25 10:30:12 ................................................... ~ 0s
  2026-05-25 10:30:12 /build/assets/app-anmsmzS_.css .................... ~ 0s
  2026-05-25 10:30:12 /build/assets/app-ecWDpuvf.js ..................... ~ 0s
  2026-05-25 10:30:13 ................................................... ~ 0s
  2026-05-25 10:30:13 ................................................... ~ 0s
  2026-05-25 10:30:13 /build/assets/app-anmsmzS_.css .................... ~ 0s
  2026-05-25 10:30:14 ................................................... ~ 0s
  2026-05-25 10:30:14 /build/assets/app-anmsmzS_.css .................... ~ 0s
  2026-05-25 10:30:14 /build/assets/app-ecWDpuvf.js ..................... ~ 0s
  2026-05-25 10:30:14 ................................................... ~ 0s
  2026-05-25 10:30:32 ................................................... ~ 0s
  2026-05-25 10:30:32 ................................................... ~ 0s
  2026-05-25 10:30:32 /build/assets/app-anmsmzS_.css .................... ~ 0s
  2026-05-25 10:30:32 /build/assets/app-ecWDpuvf.js ..................... ~ 0s
  2026-05-25 10:30:32 ................................................... ~ 0s
  2026-05-25 10:31:05 ................................................... ~ 0s
  2026-05-25 10:31:05 ................................................... ~ 0s
  2026-05-25 10:31:05 /build/assets/app-anmsmzS_.css .................... ~ 0s
  2026-05-25 10:31:05 /build/assets/app-ecWDpuvf.js ..................... ~ 0s
  2026-05-25 10:31:05 ................................................... ~ 1s
  2026-05-25 10:31:06 ................................................... ~ 0s
  2026-05-25 10:31:06 /build/assets/app-anmsmzS_.css .................... ~ 0s
  2026-05-25 10:31:06 ................................................... ~ 0s
  2026-05-25 10:31:06 /build/assets/app-anmsmzS_.css .................... ~ 0s
  2026-05-25 10:31:06 /build/assets/app-ecWDpuvf.js ..................... ~ 0s
  2026-05-25 10:31:06 ................................................... ~ 0s
  2026-05-25 10:31:08 ................................................... ~ 0s
  2026-05-25 10:31:08 ................................................... ~ 0s
  2026-05-25 10:31:08 /build/assets/app-anmsmzS_.css .................... ~ 0s
